2024-06-15T02:27:44+00:00 DEBUG POST: https://ads.tiktok.com/marketing_api/api/developer/app/create_auto_approve/

{"business_platform":"PROD","smb_id":"tt4b_woocommerce_666cfc205dcb0httplocalhostwp-admin","smb_name":"PROD","redirect_url":"http:\/\/localhost\/wp-admin\/"}
 ajax: no
2024-06-15T02:27:44+00:00 DEBUG Tt4b_Mapi_Class::create_open_source_app: Response: 

HTTP/1.1 200 OK
Content-Type: application/json
X-Tt-Logid: 202406150227439C69C4E9E68B9952985F,202406150227439C69C4E9E68B9952985F
Strict-Transport-Security: max-age=31536000; includeSubDomains
x-tt-trace-host: 01ef73db43b09e0264964d4e7e9ef56897e0c202eb8ef556a77826b394c695fccc24e5a6026b52a5fbdc1a49a59b20f5835b94336cd7c77b9e02c0acb1966885c5a71014cf47054dba8a2612a0dbfd73a3dc1665df3943eddfd95648bc1cb5a9949f62fcc4f0faf257c85379365ab31f3c
x-tt-trace-id: 00-2406150227439C69C4E9E68B9952985F-2AD320EB18E2CC66-00
Server: TLB
Content-Encoding: gzip
Content-Length: 199
X-Origin-Response-Time: 191,184.28.229.101
X-Akamai-Request-ID: 9c983ab.2a387b03
Date: Sat, 15 Jun 2024 02:27:44 GMT
X-Cache: TCP_MISS from a113-171-12-173.deploy.akamaitechnologies.com (AkamaiGHost/11.5.2-56372494) (-)
Connection: close
Vary: Accept-Encoding
X-Cache-Remote: TCP_MISS from a184-28-229-101.deploy.akamaitechnologies.com (AkamaiGHost/11.5.2-56372494) (-)
x-tt-trace-tag: id=16;cdn-cache=miss;type=dyn
Server-Timing: cdn-cache; desc=MISS, edge; dur=46, origin; dur=191
Server-Timing: inner; dur=186
X-Parent-Response-Time: 234,113.171.12.173

{"code":0,"msg":"ok","data":{"app_secret":"9178003bae2dcc26c13fe144971c798f88aed7ea","app_id":"7380551106633400321","external_data_key":"2428ae59-fc5e-443e-8852-6ee331c01140","redirect_uri":"http:\/\/localhost\/wp-admin\/"}}
